<?xml version="1.0" encoding="UTF-8"?>
<!-- Generated by org.testng.reporters.JUnitReportReporter -->
<testsuite hostname="LAPTOP-VN0QN8C9" failures="0" tests="1" name="com.salesforce.testcases.LoginTestCase" time="15.650" errors="0" timestamp="2023-05-13T17:57:56 IST" skipped="0">
  <testcase classname="com.salesforce.testcases.LoginTestCase" name="createLeaf" time="15.650"/>
  <system-out/>
</testsuite> <!-- com.salesforce.testcases.LoginTestCase -->
