<?xml version="1.0" encoding="UTF-8"?>
<!-- Generated by org.testng.reporters.JUnitReportReporter -->
<testsuite hostname="LAPTOP-VN0QN8C9" failures="0" tests="1" name="com.salesforce.testcases.TC_15_CreateNewDashboard" time="32.712" errors="0" timestamp="2023-05-18T12:12:54 IST" skipped="0">
  <testcase classname="com.salesforce.testcases.TC_15_CreateNewDashboard" name="createLeaf" time="32.712"/>
  <system-out/>
</testsuite> <!-- com.salesforce.testcases.TC_15_CreateNewDashboard -->
